Arguments: 
  C:\Program Files\nodejs\node.exe C:\Users\André\AppData\Roaming\npm\node_modules\yarn\bin\yarn.js add react-native-linear-gradien

PATH: 
  C:\Python38\Scripts\;C:\Python38\;C:\Windows\system32;C:\Windows;C:\Windows\System32\Wbem;C:\Windows\System32\WindowsPowerShell\v1.0\;C:\Windows\System32\OpenSSH\;C:\Program Files\Git\cmd;C:\Program Files\nodejs\;C:\ProgramData\chocolatey\bin;C:\Users\André\AppData\Local\Microsoft\WindowsApps;;C:\Users\André\AppData\Local\Programs\Microsoft VS Code\bin;C:\Users\André\AppData\Roaming\npm

Yarn version: 
  1.22.4

Node version: 
  14.3.0

Platform: 
  win32 x64

Trace: 
  Error: https://registry.yarnpkg.com/react-native-linear-gradien: Not found
      at Request.params.callback [as _callback] (C:\Users\André\AppData\Roaming\npm\node_modules\yarn\lib\cli.js:66987:18)
      at Request.self.callback (C:\Users\André\AppData\Roaming\npm\node_modules\yarn\lib\cli.js:140748:22)
      at Request.emit (events.js:315:20)
      at Request.<anonymous> (C:\Users\André\AppData\Roaming\npm\node_modules\yarn\lib\cli.js:141720:10)
      at Request.emit (events.js:315:20)
      at IncomingMessage.<anonymous> (C:\Users\André\AppData\Roaming\npm\node_modules\yarn\lib\cli.js:141642:12)
      at Object.onceWrapper (events.js:421:28)
      at IncomingMessage.emit (events.js:327:22)
      at endReadableNT (_stream_readable.js:1224:12)
      at processTicksAndRejections (internal/process/task_queues.js:84:21)

npm manifest: 
  {
    "main": "node_modules/expo/AppEntry.js",
    "scripts": {
      "start": "expo start",
      "android": "expo start --android",
      "ios": "expo start --ios",
      "web": "expo start --web",
      "eject": "expo eject"
    },
    "dependencies": {
      "@expo-google-fonts/roboto": "^0.1.0",
      "@expo-google-fonts/ubuntu": "^0.1.0",
      "@formatjs/intl-numberformat": "^4.2.6",
      "@react-native-community/masked-view": "0.1.6",
      "@react-native-community/picker": "^1.6.3",
      "@react-navigation/material-top-tabs": "^5.2.10",
      "@react-navigation/native": "^5.5.1",
      "@react-navigation/stack": "^5.5.1",
      "axios": "^0.19.2",
      "expo": "~37.0.3",
      "expo-constants": "^9.0.0",
      "expo-font": "~8.1.0",
      "intl": "^1.2.5",
      "react": "~16.9.0",
      "react-dom": "~16.9.0",
      "react-native": "https://github.com/expo/react-native/archive/sdk-37.0.1.tar.gz",
      "react-native-gesture-handler": "~1.6.0",
      "react-native-linear-gradient": "^2.5.6",
      "react-native-picker-select": "^7.0.0",
      "react-native-reanimated": "~1.7.0",
      "react-native-safe-area-context": "0.7.3",
      "react-native-screens": "~2.2.0",
      "react-native-tab-view": "^2.14.4",
      "react-native-web": "~0.11.7"
    },
    "devDependencies": {
      "babel-preset-expo": "~8.1.0",
      "@babel/core": "^7.8.6"
    },
    "private": true
  }

yarn manifest: 
  No manifest

Lockfile: 
  No lockfile
